<?xml version="1.0" encoding="UTF-8"?>
<testsuite xmlns:xsi="http://www.w3.org/2001/XMLSchema-instance" xsi:noNamespaceSchemaLocation="https://maven.apache.org/surefire/maven-surefire-plugin/xsd/surefire-test-report.xsd" name="com.snaker.system.DemoApplicationTests" time="5.869" tests="2" errors="1" skipped="0" failures="0">
  <properties>
[...]
</properties>
  <testcase name="userTaskList" classname="com.snaker.system.DemoApplicationTests" time="0.226"/>
  <testcase name="contextLoads" classname="com.snaker.system.DemoApplicationTests" time="0.011">
    <error type="java.lang.NullPointerException">java.lang.NullPointerException
	at com.snaker.system.DemoApplicationTests.contextLoads(DemoApplicationTests.java:37)
</error>
    <system-out><![CDATA[10:21:00.448 [main] INFO  c.s.framework.config.aop.LogAdvice - ==============发起请求：==============
]]></system-out>
  </testcase>
</testsuite>